<?xml version="1.0" encoding="UTF-8"?>
<testsuite xmlns:xsi="http://www.w3.org/2001/XMLSchema-instance" xsi:noNamespaceSchemaLocation="https://maven.apache.org/surefire/maven-surefire-plugin/xsd/surefire-test-report-3.0.xsd" version="3.0" name="com.mediflow.api.service.TurnoServiceImplTest" time="0.055" tests="6" errors="0" skipped="0" failures="0">
  <properties>
[...]
</properties>
  <testcase name="crear_conProfesionalYaOcupadoAEsaHora_lanzaConflicto" classname="com.mediflow.api.service.TurnoServiceImplTest" time="0.016"/>
  <testcase name="crear_conPacienteInexistente_lanzaResourceNotFound" classname="com.mediflow.api.service.TurnoServiceImplTest" time="0.005"/>
  <testcase name="obtenerPorId_conIdInexistente_lanzaResourceNotFound" classname="com.mediflow.api.service.TurnoServiceImplTest" time="0.004"/>
  <testcase name="crear_conProfesionalInexistente_lanzaResourceNotFound" classname="com.mediflow.api.service.TurnoServiceImplTest" time="0.005"/>
  <testcase name="crear_conDatosValidos_devuelveTurnoPendiente" classname="com.mediflow.api.service.TurnoServiceImplTest" time="0.013"/>
  <testcase name="cambiarEstado_deCanceladoAConfirmado_lanzaConflicto" classname="com.mediflow.api.service.TurnoServiceImplTest" time="0.005"/>
</testsuite>